{"time":"2023-08-13T08:47:35Z","type":"WorldMatchStart","map":"de_ancient"}

{"time":"2023-08-13T08:47:35Z","type":"WorldMatchStart","map":"de_ancient"}

{"time":"2023-08-13T08:47:35Z","type":"WorldMatchStart","map":"de_ancient"}

{"time":"2023-08-13T08:47:35Z","type":"WorldMatchStart","map":"de_ancient"}

{"time":"2023-08-13T08:57:45Z","type":"WorldRoundStart"}

{"time":"2023-08-13T08:57:45Z","type":"WorldRoundStart"}

{"time":"2023-08-13T08:57:45Z","type":"WorldRoundStart"}

{"time":"2023-08-13T08:12:38Z","type":"WorldRoundEnd"}

{"time":"2023-08-13T08:54:33Z","type":"PlayerConnected","player":{"name":"HeadshotSpecial!!!","id":33,"steam_id":"STEAM_1:0:183122895","side":""},"address":""}

{"time":"2023-08-13T08:54:33Z","type":"PlayerConnected","player":{"name":"HeadshotSpecial!!!","id":33,"steam_id":"STEAM_1:0:183122895","side":""},"address":""}

{"time":"2023-08-13T08:54:33Z","type":"PlayerConnected","player":{"name":"HeadshotSpecial!!!","id":33,"steam_id":"STEAM_1:0:183122895","side":""},"address":""}

{"time":"2023-08-13T08:54:33Z","type":"PlayerConnected","player":{"name":"HeadshotSpecial!!!","id":33,"steam_id":"STEAM_1:0:183122895","side":""},"address":""}

{"time":"2023-08-13T08:54:33Z","type":"PlayerConnected","player":{"name":"HeadshotSpecial!!!","id":33,"steam_id":"STEAM_1:0:183122895","side":""},"address":""}

{"time":"2023-08-13T08:54:33Z","type":"PlayerConnected","player":{"name":"HeadshotSpecial!!!","id":33,"steam_id":"STEAM_1:0:183122895","side":""},"address":""}

{"time":"2023-08-13T08:54:33Z","type":"PlayerConnected","player":{"name":"HeadshotSpecial!!!","id":33,"steam_id":"STEAM_1:0:183122895","side":""},"address":""}

{"time":"2023-08-13T08:54:33Z","type":"PlayerConnected","player":{"name":"HeadshotSpecial!!!","id":33,"steam_id":"STEAM_1:0:183122895","side":""},"address":""}

{"time":"2023-08-13T08:54:33Z","type":"PlayerConnected","player":{"name":"HeadshotSpecial!!!","id":33,"steam_id":"STEAM_1:0:183122895","side":""},"address":""}

{"time":"2023-08-13T08:54:33Z","type":"PlayerConnected","player":{"name":"HeadshotSpecial!!!","id":33,"steam_id":"STEAM_1:0:183122895","side":""},"address":""}

{"time":"2023-08-13T08:54:33Z","type":"PlayerConnected","player":{"name":"HeadshotSpecial!!!","id":33,"steam_id":"STEAM_1:0:183122895","side":""},"address":""}

{"time":"2023-08-13T08:45:17Z","type":"PlayerDisconnected","player":{"name":"HeadshotSpecial!!!","id":26,"steam_id":"STEAM_1:0:183122895","side":"TERRORIST"},"reason":"Disconnect"}

{"time":"2023-08-13T08:45:17Z","type":"PlayerDisconnected","player":{"name":"HeadshotSpecial!!!","id":26,"steam_id":"STEAM_1:0:183122895","side":"TERRORIST"},"reason":"Disconnect"}

{"time":"2023-08-13T08:45:17Z","type":"PlayerDisconnected","player":{"name":"HeadshotSpecial!!!","id":26,"steam_id":"STEAM_1:0:183122895","side":"TERRORIST"},"reason":"Disconnect"}

{"time":"2023-08-13T08:45:17Z","type":"PlayerDisconnected","player":{"name":"HeadshotSpecial!!!","id":26,"steam_id":"STEAM_1:0:183122895","side":"TERRORIST"},"reason":"Disconnect"}

{"time":"2023-08-13T08:45:17Z","type":"PlayerDisconnected","player":{"name":"HeadshotSpecial!!!","id":26,"steam_id":"STEAM_1:0:183122895","side":"TERRORIST"},"reason":"Disconnect"}

{"time":"2023-08-13T08:45:17Z","type":"PlayerDisconnected","player":{"name":"HeadshotSpecial!!!","id":26,"steam_id":"STEAM_1:0:183122895","side":"TERRORIST"},"reason":"Disconnect"}

{"time":"2023-08-13T08:45:17Z","type":"PlayerDisconnected","player":{"name":"HeadshotSpecial!!!","id":26,"steam_id":"STEAM_1:0:183122895","side":"TERRORIST"},"reason":"Disconnect"}

{"time":"2023-08-13T08:45:17Z","type":"PlayerDisconnected","player":{"name":"HeadshotSpecial!!!","id":26,"steam_id":"STEAM_1:0:183122895","side":"TERRORIST"},"reason":"Disconnect"}

{"time":"2023-08-13T08:07:21Z","type":"PlayerKill","attacker":{"name":"HeadshotSpecial!!!","id":26,"steam_id":"STEAM_1:0:183122895","side":"CT"},"attacker_pos":{"x":-1683,"y":291,"z":2},"victim":{"name":"Casp3RGOD^","id":23,"steam_id":"STEAM_1:0:178461656","side":"TERRORIST"},"victim_pos":{"x":-1336,"y":-18,"z":48},"weapon":"deagle","headshot":false,"penetrated":false}

{"time":"2023-08-13T08:07:21Z","type":"PlayerKill","attacker":{"name":"HeadshotSpecial!!!","id":26,"steam_id":"STEAM_1:0:183122895","side":"CT"},"attacker_pos":{"x":-1683,"y":291,"z":2},"victim":{"name":"Casp3RGOD^","id":23,"steam_id":"STEAM_1:0:178461656","side":"TERRORIST"},"victim_pos":{"x":-1336,"y":-18,"z":48},"weapon":"deagle","headshot":false,"penetrated":false}

{"time":"2023-08-13T08:07:21Z","type":"PlayerKill","attacker":{"name":"HeadshotSpecial!!!","id":26,"steam_id":"STEAM_1:0:183122895","side":"CT"},"attacker_pos":{"x":-1683,"y":291,"z":2},"victim":{"name":"Casp3RGOD^","id":23,"steam_id":"STEAM_1:0:178461656","side":"TERRORIST"},"victim_pos":{"x":-1336,"y":-18,"z":48},"weapon":"deagle","headshot":false,"penetrated":false}

{"time":"2023-08-13T08:07:21Z","type":"PlayerKill","attacker":{"name":"HeadshotSpecial!!!","id":26,"steam_id":"STEAM_1:0:183122895","side":"CT"},"attacker_pos":{"x":-1683,"y":291,"z":2},"victim":{"name":"Casp3RGOD^","id":23,"steam_id":"STEAM_1:0:178461656","side":"TERRORIST"},"victim_pos":{"x":-1336,"y":-18,"z":48},"weapon":"deagle","headshot":false,"penetrated":false}

{"time":"2023-08-13T08:10:00Z","type":"PlayerKillAssist","attacker":{"name":"HeadshotSpecial!!!","id":26,"steam_id":"STEAM_1:0:183122895","side":"CT"},"victim":{"name":"THuN|}eR HOrSe","id":29,"steam_id":"STEAM_1:1:569480827","side":"TERRORIST"}}

{"time":"2023-08-13T08:10:00Z","type":"PlayerKillAssist","attacker":{"name":"HeadshotSpecial!!!","id":26,"steam_id":"STEAM_1:0:183122895","side":"CT"},"victim":{"name":"THuN|}eR HOrSe","id":29,"steam_id":"STEAM_1:1:569480827","side":"TERRORIST"}}

